<?xml version="1.0" encoding="UTF-8"?>
<!-- Generated by org.testng.reporters.JUnitReportReporter -->
<testsuite hostname="LAPTOP-ME1FF9N9" failures="0" tests="1" name="uk.co.automationtesting.OrderCompleteTest" time="46.983" errors="0" timestamp="2023-12-14T22:41:41 IST" skipped="0">
  <testcase classname="uk.co.automationtesting.OrderCompleteTest" name="endToEndTest" time="46.983"/>
  <system-out/>
</testsuite> <!-- uk.co.automationtesting.OrderCompleteTest -->
