<?xml version="1.0" encoding="UTF-8"?>
<!-- Generated by org.testng.reporters.JUnitReportReporter -->
<testsuite hostname="LAPTOP-ME1FF9N9" failures="0" tests="1" name="uk.co.automationtesting.AddRemoveItemBasketTest" time="14.038" errors="0" timestamp="2023-12-06T00:14:13 IST" skipped="0">
  <testcase classname="uk.co.automationtesting.AddRemoveItemBasketTest" name="addRemoveItem" time="14.038"/>
  <system-out/>
</testsuite> <!-- uk.co.automationtesting.AddRemoveItemBasketTest -->
